<?xml version="1.0" encoding="UTF-8"?>
<robot generator="Robot 4.1.3 (Python 3.10.2 on win32)" generated="20220611 12:25:07.950" rpa="false" schemaversion="2">
<suite id="s1" name="03 AddItem" source="C:\Users\mmarmule\PycharmProjects\Robot\Test_cases\03_AddItem.robot">
<test id="s1-t1" name="Add items 1 to cart">
<kw name="Open shop main page" library="LoginPageNewUser">
<kw name="Open Browser" library="SeleniumLibrary">
<arg>${shopurl}</arg>
<arg>${browser}</arg>
<doc>Opens a new browser instance to the optional ``url``.</doc>
<msg timestamp="20220611 12:25:08.255" level="INFO">Opening browser 'Chrome' to base url 'http://automationpractice.com/index.php'.</msg>
<status status="PASS" starttime="20220611 12:25:08.254" endtime="20220611 12:25:13.717"/>
</kw>
<kw name="Maximize Browser Window" library="SeleniumLibrary">
<doc>Maximizes current browser window.</doc>
<status status="PASS" starttime="20220611 12:25:13.717" endtime="20220611 12:25:13.832"/>
</kw>
<status status="PASS" starttime="20220611 12:25:08.254" endtime="20220611 12:25:13.832"/>
</kw>
<kw name="Select sieze1" library="BuyItem">
<kw name="Set Selenium Speed" library="SeleniumLibrary">
<arg>0.5</arg>
<doc>Sets the delay that is waited after each Selenium command.</doc>
<status status="PASS" starttime="20220611 12:25:13.835" endtime="20220611 12:25:13.835"/>
</kw>
<kw name="Select From List By Value" library="SeleniumLibrary">
<arg>${size}</arg>
<arg>2</arg>
<doc>Selects options from selection list ``locator`` by ``values``.</doc>
<msg timestamp="20220611 12:25:13.836" level="INFO">Selecting options from selection list 'id:group_1' by value 2.</msg>
<msg timestamp="20220611 12:25:15.153" level="INFO" html="true">&lt;/td&gt;&lt;/tr&gt;&lt;tr&gt;&lt;td colspan="3"&gt;&lt;a href="selenium-screenshot-14.png"&gt;&lt;img src="selenium-screenshot-14.png" width="800px"&gt;&lt;/a&gt;</msg>
<msg timestamp="20220611 12:25:15.182" level="FAIL">List with locator 'id:group_1' not found.</msg>
<status status="FAIL" starttime="20220611 12:25:13.835" endtime="20220611 12:25:15.182"/>
</kw>
<status status="FAIL" starttime="20220611 12:25:13.834" endtime="20220611 12:25:15.183"/>
</kw>
<kw name="Select color1" library="BuyItem">
<status status="NOT RUN" starttime="20220611 12:25:15.183" endtime="20220611 12:25:15.183"/>
</kw>
<kw name="Add to Cart1" library="BuyItem">
<status status="NOT RUN" starttime="20220611 12:25:15.183" endtime="20220611 12:25:15.183"/>
</kw>
<status status="FAIL" starttime="20220611 12:25:08.254" endtime="20220611 12:25:15.184">List with locator 'id:group_1' not found.</status>
</test>
<test id="s1-t2" name="Add items 2 to cart">
<kw name="Select dress2" library="BuyItem">
<kw name="Set Selenium Speed" library="SeleniumLibrary">
<arg>0.5</arg>
<doc>Sets the delay that is waited after each Selenium command.</doc>
<status status="PASS" starttime="20220611 12:25:15.185" endtime="20220611 12:25:15.185"/>
</kw>
<kw name="Click Element" library="SeleniumLibrary">
<arg>${dress_2}</arg>
<doc>Click the element identified by ``locator``.</doc>
<msg timestamp="20220611 12:25:15.186" level="INFO">Clicking element '//li[@class='ajax_block_product col-xs-12 col-sm-4 col-md-3 first-in-line last-line first-item-of-mobile-line hovered']//div[@class='product-container']//div[@class='left-block']//div[@class='product-image-container']//a[@class='quick-view']//span[contains(text(),'Quick view')]'.</msg>
<msg timestamp="20220611 12:25:16.517" level="INFO" html="true">&lt;/td&gt;&lt;/tr&gt;&lt;tr&gt;&lt;td colspan="3"&gt;&lt;a href="selenium-screenshot-15.png"&gt;&lt;img src="selenium-screenshot-15.png" width="800px"&gt;&lt;/a&gt;</msg>
<msg timestamp="20220611 12:25:16.525" level="FAIL">Element with locator '//li[@class='ajax_block_product col-xs-12 col-sm-4 col-md-3 first-in-line last-line first-item-of-mobile-line hovered']//div[@class='product-container']//div[@class='left-block']//div[@class='product-image-container']//a[@class='quick-view']//span[contains(text(),'Quick view')]' not found.</msg>
<status status="FAIL" starttime="20220611 12:25:15.186" endtime="20220611 12:25:16.525"/>
</kw>
<kw name="Wait Until Page Contains Element" library="SeleniumLibrary">
<arg>${add}</arg>
<doc>Waits until the element ``locator`` appears on the current page.</doc>
<status status="NOT RUN" starttime="20220611 12:25:16.525" endtime="20220611 12:25:16.525"/>
</kw>
<kw name="Click Element" library="SeleniumLibrary">
<arg>${add}</arg>
<doc>Click the element identified by ``locator``.</doc>
<status status="NOT RUN" starttime="20220611 12:25:16.525" endtime="20220611 12:25:16.525"/>
</kw>
<status status="FAIL" starttime="20220611 12:25:15.185" endtime="20220611 12:25:16.526"/>
</kw>
<kw name="Select sieze2" library="BuyItem">
<status status="NOT RUN" starttime="20220611 12:25:16.526" endtime="20220611 12:25:16.526"/>
</kw>
<kw name="Select color2" library="BuyItem">
<status status="NOT RUN" starttime="20220611 12:25:16.527" endtime="20220611 12:25:16.527"/>
</kw>
<kw name="Add to Cart2" library="BuyItem">
<status status="NOT RUN" starttime="20220611 12:25:16.527" endtime="20220611 12:25:16.527"/>
</kw>
<status status="FAIL" starttime="20220611 12:25:15.184" endtime="20220611 12:25:16.527">Element with locator '//li[@class='ajax_block_product col-xs-12 col-sm-4 col-md-3 first-in-line last-line first-item-of-mobile-line hovered']//div[@class='product-container']//div[@class='left-block']//div[@class='product-image-container']//a[@class='quick-view']//span[contains(text(),'Quick view')]' not found.</status>
</test>
<status status="FAIL" starttime="20220611 12:25:07.951" endtime="20220611 12:25:16.528"/>
</suite>
<statistics>
<total>
<stat pass="0" fail="2" skip="0">All Tests</stat>
</total>
<tag>
</tag>
<suite>
<stat pass="0" fail="2" skip="0" id="s1" name="03 AddItem">03 AddItem</stat>
</suite>
</statistics>
<errors>
</errors>
</robot>
