<?xml version="1.0" encoding="UTF-8"?>
<robot generator="Robot 4.1.3 (Python 3.10.2 on win32)" generated="20220625 21:28:35.167" rpa="false" schemaversion="2">
<suite id="s1" name="Test cases" source="C:\Users\mmarmule\PycharmProjects\Robot\Test_cases">
<suite id="s1-s1" name="01 NewUserRegistration" source="C:\Users\mmarmule\PycharmProjects\Robot\Test_cases\01_NewUserRegistration.robot">
<test id="s1-s1-t1" name="Registration new user">
<kw name="Open shop main page" library="MainPage">
<kw name="Open Browser" library="SeleniumLibrary">
<arg>${shopurl}</arg>
<arg>${browser}</arg>
<doc>Opens a new browser instance to the optional ``url``.</doc>
<msg timestamp="20220625 21:28:35.355" level="INFO">Opening browser 'Chrome' to base url 'http://automationpractice.com/index.php'.</msg>
<status status="PASS" starttime="20220625 21:28:35.355" endtime="20220625 21:28:40.146"/>
</kw>
<kw name="Maximize Browser Window" library="SeleniumLibrary">
<doc>Maximizes current browser window.</doc>
<status status="PASS" starttime="20220625 21:28:40.146" endtime="20220625 21:28:40.263"/>
</kw>
<status status="PASS" starttime="20220625 21:28:35.355" endtime="20220625 21:28:40.263"/>
</kw>
<kw name="Sign in page" library="MainPage">
<kw name="Click Element" library="SeleniumLibrary">
<arg>${sing_in_button}</arg>
<doc>Click the element identified by ``locator``.</doc>
<msg timestamp="20220625 21:28:40.263" level="INFO">Clicking element 'class:login'.</msg>
<status status="PASS" starttime="20220625 21:28:40.263" endtime="20220625 21:28:41.949"/>
</kw>
<status status="PASS" starttime="20220625 21:28:40.263" endtime="20220625 21:28:41.949"/>
</kw>
<kw name="Enter a new email address" library="LoginPage">
<kw name="Set Selenium Speed" library="SeleniumLibrary">
<arg>0.3</arg>
<doc>Sets the delay that is waited after each Selenium command.</doc>
<status status="PASS" starttime="20220625 21:28:41.949" endtime="20220625 21:28:41.949"/>
</kw>
<kw name="Input Text" library="SeleniumLibrary">
<arg>${new_email_field}</arg>
<arg>${new_user_email}</arg>
<doc>Types the given ``text`` into the text field identified by ``locator``.</doc>
<msg timestamp="20220625 21:28:41.949" level="INFO">Typing text 'test1@o2.pl' into text field 'id:email_create'.</msg>
<status status="PASS" starttime="20220625 21:28:41.949" endtime="20220625 21:28:42.960"/>
</kw>
<kw name="Click Element" library="SeleniumLibrary">
<arg>${submit_create_button}</arg>
<doc>Click the element identified by ``locator``.</doc>
<msg timestamp="20220625 21:28:42.960" level="INFO">Clicking element 'id:SubmitCreate'.</msg>
<status status="PASS" starttime="20220625 21:28:42.960" endtime="20220625 21:28:43.631"/>
</kw>
<status status="PASS" starttime="20220625 21:28:41.949" endtime="20220625 21:28:43.631"/>
</kw>
<kw name="Enter your personal information" library="RegistrationFormPage">
<kw name="Set Selenium Speed" library="SeleniumLibrary">
<arg>0.3</arg>
<doc>Sets the delay that is waited after each Selenium command.</doc>
<status status="PASS" starttime="20220625 21:28:43.631" endtime="20220625 21:28:43.631"/>
</kw>
<kw name="Wait Until Element Is Visible" library="SeleniumLibrary">
<arg>${mr_button}</arg>
<doc>Waits until the element ``locator`` is visible.</doc>
<msg timestamp="20220625 21:28:49.819" level="INFO" html="true">&lt;/td&gt;&lt;/tr&gt;&lt;tr&gt;&lt;td colspan="3"&gt;&lt;a href="selenium-screenshot-1.png"&gt;&lt;img src="selenium-screenshot-1.png" width="800px"&gt;&lt;/a&gt;</msg>
<msg timestamp="20220625 21:28:49.819" level="FAIL">Element 'id:id_gender1' not visible after 5 seconds.</msg>
<status status="FAIL" starttime="20220625 21:28:43.631" endtime="20220625 21:28:49.819"/>
</kw>
<kw name="Click Button" library="SeleniumLibrary">
<arg>${mr_button}</arg>
<doc>Clicks the button identified by ``locator``.</doc>
<status status="NOT RUN" starttime="20220625 21:28:49.819" endtime="20220625 21:28:49.819"/>
</kw>
<kw name="Input Text" library="SeleniumLibrary">
<arg>${first_name_field}</arg>
<arg>${first_name}</arg>
<doc>Types the given ``text`` into the text field identified by ``locator``.</doc>
<status status="NOT RUN" starttime="20220625 21:28:49.819" endtime="20220625 21:28:49.819"/>
</kw>
<kw name="Input Text" library="SeleniumLibrary">
<arg>${last_name_field}</arg>
<arg>${last_name}</arg>
<doc>Types the given ``text`` into the text field identified by ``locator``.</doc>
<status status="NOT RUN" starttime="20220625 21:28:49.819" endtime="20220625 21:28:49.819"/>
</kw>
<kw name="Input Text" library="SeleniumLibrary">
<arg>${password_field}</arg>
<arg>${short_password}</arg>
<doc>Types the given ``text`` into the text field identified by ``locator``.</doc>
<status status="NOT RUN" starttime="20220625 21:28:49.819" endtime="20220625 21:28:49.819"/>
</kw>
<kw name="Select From List By Value" library="SeleniumLibrary">
<arg>${days_field}</arg>
<arg>${bday_days}</arg>
<doc>Selects options from selection list ``locator`` by ``values``.</doc>
<status status="NOT RUN" starttime="20220625 21:28:49.819" endtime="20220625 21:28:49.819"/>
</kw>
<kw name="Select From List By Value" library="SeleniumLibrary">
<arg>${months_field}</arg>
<arg>${bday_month}</arg>
<doc>Selects options from selection list ``locator`` by ``values``.</doc>
<status status="NOT RUN" starttime="20220625 21:28:49.819" endtime="20220625 21:28:49.819"/>
</kw>
<kw name="Select From List By Value" library="SeleniumLibrary">
<arg>${years_field}</arg>
<arg>${bday_yeary}</arg>
<doc>Selects options from selection list ``locator`` by ``values``.</doc>
<status status="NOT RUN" starttime="20220625 21:28:49.819" endtime="20220625 21:28:49.819"/>
</kw>
<status status="FAIL" starttime="20220625 21:28:43.631" endtime="20220625 21:28:49.819"/>
</kw>
<kw name="Enter address information" library="RegistrationFormPage">
<status status="NOT RUN" starttime="20220625 21:28:49.819" endtime="20220625 21:28:49.819"/>
</kw>
<kw name="Enter mobile phone" library="RegistrationFormPage">
<status status="NOT RUN" starttime="20220625 21:28:49.819" endtime="20220625 21:28:49.819"/>
</kw>
<kw name="Submit registration form" library="RegistrationFormPage">
<status status="NOT RUN" starttime="20220625 21:28:49.819" endtime="20220625 21:28:49.819"/>
</kw>
<kw name="Close All Browsers" library="SeleniumLibrary" type="TEARDOWN">
<doc>Closes all open browsers and resets the browser cache.</doc>
<status status="PASS" starttime="20220625 21:28:49.819" endtime="20220625 21:28:52.216"/>
</kw>
<status status="FAIL" starttime="20220625 21:28:35.355" endtime="20220625 21:28:52.216">Element 'id:id_gender1' not visible after 5 seconds.</status>
</test>
<status status="FAIL" starttime="20220625 21:28:35.198" endtime="20220625 21:28:52.216"/>
</suite>
<suite id="s1-s2" name="02 LoginInvalidUsername" source="C:\Users\mmarmule\PycharmProjects\Robot\Test_cases\02_LoginInvalidUsername.robot">
<test id="s1-s2-t1" name="Invalid user email login">
<kw name="Open shop main page" library="MainPage">
<kw name="Open Browser" library="SeleniumLibrary">
<arg>${shopurl}</arg>
<arg>${browser}</arg>
<doc>Opens a new browser instance to the optional ``url``.</doc>
<msg timestamp="20220625 21:28:52.247" level="INFO">Opening browser 'Chrome' to base url 'http://automationpractice.com/index.php'.</msg>
<status status="PASS" starttime="20220625 21:28:52.247" endtime="20220625 21:28:57.663"/>
</kw>
<kw name="Maximize Browser Window" library="SeleniumLibrary">
<doc>Maximizes current browser window.</doc>
<status status="PASS" starttime="20220625 21:28:57.663" endtime="20220625 21:28:58.116"/>
</kw>
<status status="PASS" starttime="20220625 21:28:52.247" endtime="20220625 21:28:58.116"/>
</kw>
<kw name="Sign in page" library="MainPage">
<kw name="Click Element" library="SeleniumLibrary">
<arg>${sing_in_button}</arg>
<doc>Click the element identified by ``locator``.</doc>
<msg timestamp="20220625 21:28:58.116" level="INFO">Clicking element 'class:login'.</msg>
<status status="PASS" starttime="20220625 21:28:58.116" endtime="20220625 21:29:01.239"/>
</kw>
<status status="PASS" starttime="20220625 21:28:58.116" endtime="20220625 21:29:01.239"/>
</kw>
<kw name="Enter invalid user email address" library="LoginPage">
<kw name="Input Text" library="SeleniumLibrary">
<arg>${email_login}</arg>
<arg>${invalid_user_email}</arg>
<doc>Types the given ``text`` into the text field identified by ``locator``.</doc>
<msg timestamp="20220625 21:29:01.239" level="INFO">Typing text 'test11@o2.pl' into text field 'id:email'.</msg>
<status status="PASS" starttime="20220625 21:29:01.239" endtime="20220625 21:29:02.267"/>
</kw>
<status status="PASS" starttime="20220625 21:29:01.239" endtime="20220625 21:29:02.267"/>
</kw>
<kw name="Enter user password" library="LoginPage">
<kw name="Input Text" library="SeleniumLibrary">
<arg>${password_login_field}</arg>
<arg>${password}</arg>
<doc>Types the given ``text`` into the text field identified by ``locator``.</doc>
<msg timestamp="20220625 21:29:02.267" level="INFO">Typing text 'wsbstudent' into text field 'id:passwd'.</msg>
<status status="PASS" starttime="20220625 21:29:02.267" endtime="20220625 21:29:03.285"/>
</kw>
<status status="PASS" starttime="20220625 21:29:02.267" endtime="20220625 21:29:03.285"/>
</kw>
<kw name="Click submit account button" library="LoginPage">
<kw name="Click Element" library="SeleniumLibrary">
<arg>${submit_login_button}</arg>
<doc>Click the element identified by ``locator``.</doc>
<msg timestamp="20220625 21:29:03.285" level="INFO">Clicking element 'id:SubmitLogin'.</msg>
<status status="PASS" starttime="20220625 21:29:03.285" endtime="20220625 21:29:06.647"/>
</kw>
<status status="PASS" starttime="20220625 21:29:03.285" endtime="20220625 21:29:06.647"/>
</kw>
<kw name="Error messages validation" library="LoginPage">
<kw name="Page Should Contain Element" library="SeleniumLibrary">
<arg>${error_msg_field}</arg>
<doc>Verifies that element ``locator`` is found on the current page.</doc>
<msg timestamp="20220625 21:29:06.993" level="INFO">Current page contains element '//body[@id='authentication']/div[@id='page']/div[@class='columns-container']/div[@id='columns']/div[@class='row']/div[@id='center_column']/div[1]'.</msg>
<status status="PASS" starttime="20220625 21:29:06.647" endtime="20220625 21:29:06.993"/>
</kw>
<status status="PASS" starttime="20220625 21:29:06.647" endtime="20220625 21:29:06.993"/>
</kw>
<kw name="Close All Browsers" library="SeleniumLibrary" type="TEARDOWN">
<doc>Closes all open browsers and resets the browser cache.</doc>
<status status="PASS" starttime="20220625 21:29:06.993" endtime="20220625 21:29:09.371"/>
</kw>
<status status="PASS" starttime="20220625 21:28:52.247" endtime="20220625 21:29:09.371"/>
</test>
<test id="s1-s2-t2" name="Invalid user password login">
<kw name="Open shop main page" library="MainPage">
<kw name="Open Browser" library="SeleniumLibrary">
<arg>${shopurl}</arg>
<arg>${browser}</arg>
<doc>Opens a new browser instance to the optional ``url``.</doc>
<msg timestamp="20220625 21:29:09.371" level="INFO">Opening browser 'Chrome' to base url 'http://automationpractice.com/index.php'.</msg>
<status status="PASS" starttime="20220625 21:29:09.371" endtime="20220625 21:29:14.380"/>
</kw>
<kw name="Maximize Browser Window" library="SeleniumLibrary">
<doc>Maximizes current browser window.</doc>
<status status="PASS" starttime="20220625 21:29:14.380" endtime="20220625 21:29:14.829"/>
</kw>
<status status="PASS" starttime="20220625 21:29:09.371" endtime="20220625 21:29:14.829"/>
</kw>
<kw name="Sign in page" library="MainPage">
<kw name="Click Element" library="SeleniumLibrary">
<arg>${sing_in_button}</arg>
<doc>Click the element identified by ``locator``.</doc>
<msg timestamp="20220625 21:29:14.829" level="INFO">Clicking element 'class:login'.</msg>
<status status="PASS" starttime="20220625 21:29:14.829" endtime="20220625 21:29:17.246"/>
</kw>
<status status="PASS" starttime="20220625 21:29:14.829" endtime="20220625 21:29:17.246"/>
</kw>
<kw name="Enter user email address" library="LoginPage">
<kw name="Input Text" library="SeleniumLibrary">
<arg>${email_login}</arg>
<arg>${login}</arg>
<doc>Types the given ``text`` into the text field identified by ``locator``.</doc>
<msg timestamp="20220625 21:29:17.246" level="INFO">Typing text 'wsb@onet.pl' into text field 'id:email'.</msg>
<status status="PASS" starttime="20220625 21:29:17.246" endtime="20220625 21:29:18.259"/>
</kw>
<status status="PASS" starttime="20220625 21:29:17.246" endtime="20220625 21:29:18.259"/>
</kw>
<kw name="Enter user invalid password" library="LoginPage">
<kw name="Input Text" library="SeleniumLibrary">
<arg>${password_login_field}</arg>
<arg>${short_password}</arg>
<doc>Types the given ``text`` into the text field identified by ``locator``.</doc>
<msg timestamp="20220625 21:29:18.259" level="INFO">Typing text 'test' into text field 'id:passwd'.</msg>
<status status="PASS" starttime="20220625 21:29:18.259" endtime="20220625 21:29:19.283"/>
</kw>
<status status="PASS" starttime="20220625 21:29:18.259" endtime="20220625 21:29:19.283"/>
</kw>
<kw name="Click submit account button" library="LoginPage">
<kw name="Click Element" library="SeleniumLibrary">
<arg>${submit_login_button}</arg>
<doc>Click the element identified by ``locator``.</doc>
<msg timestamp="20220625 21:29:19.283" level="INFO">Clicking element 'id:SubmitLogin'.</msg>
<status status="PASS" starttime="20220625 21:29:19.283" endtime="20220625 21:29:20.795"/>
</kw>
<status status="PASS" starttime="20220625 21:29:19.283" endtime="20220625 21:29:20.795"/>
</kw>
<kw name="Error messages validation" library="LoginPage">
<kw name="Page Should Contain Element" library="SeleniumLibrary">
<arg>${error_msg_field}</arg>
<doc>Verifies that element ``locator`` is found on the current page.</doc>
<msg timestamp="20220625 21:29:21.104" level="INFO">Current page contains element '//body[@id='authentication']/div[@id='page']/div[@class='columns-container']/div[@id='columns']/div[@class='row']/div[@id='center_column']/div[1]'.</msg>
<status status="PASS" starttime="20220625 21:29:20.795" endtime="20220625 21:29:21.104"/>
</kw>
<status status="PASS" starttime="20220625 21:29:20.795" endtime="20220625 21:29:21.104"/>
</kw>
<kw name="Close All Browsers" library="SeleniumLibrary" type="TEARDOWN">
<doc>Closes all open browsers and resets the browser cache.</doc>
<status status="PASS" starttime="20220625 21:29:21.104" endtime="20220625 21:29:23.469"/>
</kw>
<status status="PASS" starttime="20220625 21:29:09.371" endtime="20220625 21:29:23.469"/>
</test>
<test id="s1-s2-t3" name="Login">
<kw name="Open shop main page" library="MainPage">
<kw name="Open Browser" library="SeleniumLibrary">
<arg>${shopurl}</arg>
<arg>${browser}</arg>
<doc>Opens a new browser instance to the optional ``url``.</doc>
<msg timestamp="20220625 21:29:23.469" level="INFO">Opening browser 'Chrome' to base url 'http://automationpractice.com/index.php'.</msg>
<status status="PASS" starttime="20220625 21:29:23.469" endtime="20220625 21:29:27.899"/>
</kw>
<kw name="Maximize Browser Window" library="SeleniumLibrary">
<doc>Maximizes current browser window.</doc>
<status status="PASS" starttime="20220625 21:29:27.899" endtime="20220625 21:29:28.340"/>
</kw>
<status status="PASS" starttime="20220625 21:29:23.469" endtime="20220625 21:29:28.340"/>
</kw>
<kw name="Sign in page" library="MainPage">
<kw name="Click Element" library="SeleniumLibrary">
<arg>${sing_in_button}</arg>
<doc>Click the element identified by ``locator``.</doc>
<msg timestamp="20220625 21:29:28.340" level="INFO">Clicking element 'class:login'.</msg>
<status status="PASS" starttime="20220625 21:29:28.340" endtime="20220625 21:29:30.769"/>
</kw>
<status status="PASS" starttime="20220625 21:29:28.340" endtime="20220625 21:29:30.769"/>
</kw>
<kw name="Enter user email address" library="LoginPage">
<kw name="Input Text" library="SeleniumLibrary">
<arg>${email_login}</arg>
<arg>${login}</arg>
<doc>Types the given ``text`` into the text field identified by ``locator``.</doc>
<msg timestamp="20220625 21:29:30.769" level="INFO">Typing text 'wsb@onet.pl' into text field 'id:email'.</msg>
<status status="PASS" starttime="20220625 21:29:30.769" endtime="20220625 21:29:31.779"/>
</kw>
<status status="PASS" starttime="20220625 21:29:30.769" endtime="20220625 21:29:31.779"/>
</kw>
<kw name="Enter user password" library="LoginPage">
<kw name="Input Text" library="SeleniumLibrary">
<arg>${password_login_field}</arg>
<arg>${password}</arg>
<doc>Types the given ``text`` into the text field identified by ``locator``.</doc>
<msg timestamp="20220625 21:29:31.779" level="INFO">Typing text 'wsbstudent' into text field 'id:passwd'.</msg>
<status status="PASS" starttime="20220625 21:29:31.779" endtime="20220625 21:29:32.818"/>
</kw>
<status status="PASS" starttime="20220625 21:29:31.779" endtime="20220625 21:29:32.818"/>
</kw>
<kw name="Click submit account button" library="LoginPage">
<kw name="Click Element" library="SeleniumLibrary">
<arg>${submit_login_button}</arg>
<doc>Click the element identified by ``locator``.</doc>
<msg timestamp="20220625 21:29:32.818" level="INFO">Clicking element 'id:SubmitLogin'.</msg>
<status status="PASS" starttime="20220625 21:29:32.818" endtime="20220625 21:29:35.054"/>
</kw>
<status status="PASS" starttime="20220625 21:29:32.818" endtime="20220625 21:29:35.054"/>
</kw>
<kw name="Sign out" library="LoginPage">
<kw name="Set Selenium Speed" library="SeleniumLibrary">
<arg>0.3</arg>
<doc>Sets the delay that is waited after each Selenium command.</doc>
<status status="PASS" starttime="20220625 21:29:35.054" endtime="20220625 21:29:35.054"/>
</kw>
<kw name="Click Element" library="SeleniumLibrary">
<arg>${sign_out}</arg>
<doc>Click the element identified by ``locator``.</doc>
<msg timestamp="20220625 21:29:35.054" level="INFO">Clicking element '//a[@class='logout']'.</msg>
<status status="PASS" starttime="20220625 21:29:35.054" endtime="20220625 21:29:37.608"/>
</kw>
<status status="PASS" starttime="20220625 21:29:35.054" endtime="20220625 21:29:37.608"/>
</kw>
<kw name="Close All Browsers" library="SeleniumLibrary" type="TEARDOWN">
<doc>Closes all open browsers and resets the browser cache.</doc>
<status status="PASS" starttime="20220625 21:29:37.608" endtime="20220625 21:29:39.979"/>
</kw>
<status status="PASS" starttime="20220625 21:29:23.469" endtime="20220625 21:29:39.979"/>
</test>
<status status="PASS" starttime="20220625 21:28:52.216" endtime="20220625 21:29:39.979"/>
</suite>
<suite id="s1-s3" name="03 AddItem&amp;Pay" source="C:\Users\mmarmule\PycharmProjects\Robot\Test_cases\03_AddItem&amp;Pay.robot">
<test id="s1-s3-t1" name="Add dress &amp; Pay">
<kw name="Open shop main page" library="MainPage">
<kw name="Open Browser" library="SeleniumLibrary">
<arg>${shopurl}</arg>
<arg>${browser}</arg>
<doc>Opens a new browser instance to the optional ``url``.</doc>
<msg timestamp="20220625 21:29:40.010" level="INFO">Opening browser 'Chrome' to base url 'http://automationpractice.com/index.php'.</msg>
<status status="PASS" starttime="20220625 21:29:40.010" endtime="20220625 21:29:44.307"/>
</kw>
<kw name="Maximize Browser Window" library="SeleniumLibrary">
<doc>Maximizes current browser window.</doc>
<status status="PASS" starttime="20220625 21:29:44.307" endtime="20220625 21:29:44.727"/>
</kw>
<status status="PASS" starttime="20220625 21:29:40.010" endtime="20220625 21:29:44.727"/>
</kw>
<kw name="Sign in page" library="MainPage">
<kw name="Click Element" library="SeleniumLibrary">
<arg>${sing_in_button}</arg>
<doc>Click the element identified by ``locator``.</doc>
<msg timestamp="20220625 21:29:44.727" level="INFO">Clicking element 'class:login'.</msg>
<status status="PASS" starttime="20220625 21:29:44.727" endtime="20220625 21:29:46.938"/>
</kw>
<status status="PASS" starttime="20220625 21:29:44.727" endtime="20220625 21:29:46.938"/>
</kw>
<kw name="Enter user email address" library="LoginPage">
<kw name="Input Text" library="SeleniumLibrary">
<arg>${email_login}</arg>
<arg>${login}</arg>
<doc>Types the given ``text`` into the text field identified by ``locator``.</doc>
<msg timestamp="20220625 21:29:46.938" level="INFO">Typing text 'wsb@onet.pl' into text field 'id:email'.</msg>
<status status="PASS" starttime="20220625 21:29:46.938" endtime="20220625 21:29:47.937"/>
</kw>
<status status="PASS" starttime="20220625 21:29:46.938" endtime="20220625 21:29:47.937"/>
</kw>
<kw name="Enter user password" library="LoginPage">
<kw name="Input Text" library="SeleniumLibrary">
<arg>${password_login_field}</arg>
<arg>${password}</arg>
<doc>Types the given ``text`` into the text field identified by ``locator``.</doc>
<msg timestamp="20220625 21:29:47.941" level="INFO">Typing text 'wsbstudent' into text field 'id:passwd'.</msg>
<status status="PASS" starttime="20220625 21:29:47.937" endtime="20220625 21:29:48.964"/>
</kw>
<status status="PASS" starttime="20220625 21:29:47.937" endtime="20220625 21:29:48.964"/>
</kw>
<kw name="Click submit account button" library="LoginPage">
<kw name="Click Element" library="SeleniumLibrary">
<arg>${submit_login_button}</arg>
<doc>Click the element identified by ``locator``.</doc>
<msg timestamp="20220625 21:29:48.964" level="INFO">Clicking element 'id:SubmitLogin'.</msg>
<status status="PASS" starttime="20220625 21:29:48.964" endtime="20220625 21:29:50.933"/>
</kw>
<status status="PASS" starttime="20220625 21:29:48.964" endtime="20220625 21:29:50.933"/>
</kw>
<kw name="Return main page" library="LoginPage">
<kw name="Set Selenium Speed" library="SeleniumLibrary">
<arg>0.3</arg>
<doc>Sets the delay that is waited after each Selenium command.</doc>
<status status="PASS" starttime="20220625 21:29:50.933" endtime="20220625 21:29:50.933"/>
</kw>
<kw name="Click Element" library="SeleniumLibrary">
<arg>${main_return}</arg>
<doc>Click the element identified by ``locator``.</doc>
<msg timestamp="20220625 21:29:50.933" level="INFO">Clicking element '//img[@class='logo img-responsive']'.</msg>
<status status="PASS" starttime="20220625 21:29:50.933" endtime="20220625 21:29:53.350"/>
</kw>
<status status="PASS" starttime="20220625 21:29:50.933" endtime="20220625 21:29:53.350"/>
</kw>
<kw name="Locate Item" library="BuyItem">
<kw name="Wait Until Element Is Visible" library="SeleniumLibrary">
<arg>${ITEM_IMG}</arg>
<doc>Waits until the element ``locator`` is visible.</doc>
<status status="PASS" starttime="20220625 21:29:53.350" endtime="20220625 21:29:54.030"/>
</kw>
<kw name="Scroll Element Into View" library="SeleniumLibrary">
<arg>${ITEM_IMG}</arg>
<doc>Scrolls the element identified by ``locator`` into view.</doc>
<status status="PASS" starttime="20220625 21:29:54.030" endtime="20220625 21:29:54.917"/>
</kw>
<status status="PASS" starttime="20220625 21:29:53.350" endtime="20220625 21:29:54.917"/>
</kw>
<kw name="Add Item To Cart" library="BuyItem">
<kw name="Mouse Over" library="SeleniumLibrary">
<arg>${ITEM_IMG}</arg>
<doc>Simulates hovering the mouse over the element ``locator``.</doc>
<msg timestamp="20220625 21:29:54.917" level="INFO">Simulating Mouse Over on element '//*[@id="homefeatured"]/li[1]/div/div[1]/div/a[1]/img'.</msg>
<status status="PASS" starttime="20220625 21:29:54.917" endtime="20220625 21:29:55.836"/>
</kw>
<kw name="Wait Until Element Is Visible" library="SeleniumLibrary">
<arg>${ITEM_ADD_TO_CART_BTN}</arg>
<doc>Waits until the element ``locator`` is visible.</doc>
<status status="PASS" starttime="20220625 21:29:55.836" endtime="20220625 21:29:56.497"/>
</kw>
<kw name="Scroll Element Into View" library="SeleniumLibrary">
<arg>${ITEM_ADD_TO_CART_BTN}</arg>
<doc>Scrolls the element identified by ``locator`` into view.</doc>
<status status="PASS" starttime="20220625 21:29:56.497" endtime="20220625 21:29:57.407"/>
</kw>
<kw name="Click Element" library="SeleniumLibrary">
<arg>${ITEM_ADD_TO_CART_BTN}</arg>
<doc>Click the element identified by ``locator``.</doc>
<msg timestamp="20220625 21:29:57.407" level="INFO">Clicking element '//*[@id="homefeatured"]/li[1]/div/div[2]/div[2]/a[1]/span'.</msg>
<status status="PASS" starttime="20220625 21:29:57.407" endtime="20220625 21:29:58.099"/>
</kw>
<status status="PASS" starttime="20220625 21:29:54.917" endtime="20220625 21:29:58.099"/>
</kw>
<kw name="Proceed To Summary" library="BuyItem">
<kw name="Wait Until Element Is Visible" library="SeleniumLibrary">
<arg>${PROCEED_TO_SUMMARY}</arg>
<doc>Waits until the element ``locator`` is visible.</doc>
<status status="PASS" starttime="20220625 21:29:58.099" endtime="20220625 21:29:59.577"/>
</kw>
<kw name="Click Element" library="SeleniumLibrary">
<arg>${PROCEED_TO_SUMMARY}</arg>
<doc>Click the element identified by ``locator``.</doc>
<msg timestamp="20220625 21:29:59.577" level="INFO">Clicking element '//span[contains(text(),'Proceed to checkout')]'.</msg>
<status status="PASS" starttime="20220625 21:29:59.577" endtime="20220625 21:30:01.265"/>
</kw>
<status status="PASS" starttime="20220625 21:29:58.099" endtime="20220625 21:30:01.265"/>
</kw>
<kw name="Pay" library="Paying">
<kw name="Wait Until Element Is Enabled" library="SeleniumLibrary">
<arg>${buy}</arg>
<doc>Waits until the element ``locator`` is enabled.</doc>
<status status="PASS" starttime="20220625 21:30:01.265" endtime="20220625 21:30:02.254"/>
</kw>
<kw name="Click Element" library="SeleniumLibrary">
<arg>${buy}</arg>
<doc>Click the element identified by ``locator``.</doc>
<msg timestamp="20220625 21:30:02.254" level="INFO">Clicking element 'xpath://body[1]/div[1]/div[2]/div[1]/div[3]/div[1]/p[2]/a[1]/span[1]'.</msg>
<status status="PASS" starttime="20220625 21:30:02.254" endtime="20220625 21:30:05.537"/>
</kw>
<kw name="Wait Until Element Is Enabled" library="SeleniumLibrary">
<arg>${processAddress}</arg>
<doc>Waits until the element ``locator`` is enabled.</doc>
<status status="PASS" starttime="20220625 21:30:05.537" endtime="20220625 21:30:06.461"/>
</kw>
<kw name="Click Element" library="SeleniumLibrary">
<arg>${processAddress}</arg>
<doc>Click the element identified by ``locator``.</doc>
<msg timestamp="20220625 21:30:06.461" level="INFO">Clicking element 'name:processAddress'.</msg>
<status status="PASS" starttime="20220625 21:30:06.461" endtime="20220625 21:30:08.198"/>
</kw>
<kw name="Wait Until Element Is Enabled" library="SeleniumLibrary">
<arg>${checkbox}</arg>
<doc>Waits until the element ``locator`` is enabled.</doc>
<status status="PASS" starttime="20220625 21:30:08.198" endtime="20220625 21:30:09.166"/>
</kw>
<kw name="Click Element" library="SeleniumLibrary">
<arg>${checkbox}</arg>
<doc>Click the element identified by ``locator``.</doc>
<msg timestamp="20220625 21:30:09.166" level="INFO">Clicking element 'id:cgv'.</msg>
<status status="PASS" starttime="20220625 21:30:09.166" endtime="20220625 21:30:09.836"/>
</kw>
<kw name="Wait Until Element Is Enabled" library="SeleniumLibrary">
<arg>${processCarrier}</arg>
<doc>Waits until the element ``locator`` is enabled.</doc>
<status status="PASS" starttime="20220625 21:30:09.836" endtime="20220625 21:30:10.786"/>
</kw>
<kw name="Click Element" library="SeleniumLibrary">
<arg>${processCarrier}</arg>
<doc>Click the element identified by ``locator``.</doc>
<msg timestamp="20220625 21:30:10.786" level="INFO">Clicking element 'name:processCarrier'.</msg>
<status status="PASS" starttime="20220625 21:30:10.786" endtime="20220625 21:30:13.016"/>
</kw>
<kw name="Wait Until Element Is Enabled" library="SeleniumLibrary">
<arg>${pay}</arg>
<doc>Waits until the element ``locator`` is enabled.</doc>
<status status="PASS" starttime="20220625 21:30:13.016" endtime="20220625 21:30:13.965"/>
</kw>
<kw name="Click Element" library="SeleniumLibrary">
<arg>${pay}</arg>
<doc>Click the element identified by ``locator``.</doc>
<msg timestamp="20220625 21:30:13.965" level="INFO">Clicking element 'class:bankwire'.</msg>
<status status="PASS" starttime="20220625 21:30:13.965" endtime="20220625 21:30:15.697"/>
</kw>
<kw name="Wait Until Element Is Enabled" library="SeleniumLibrary">
<arg>${confirm}</arg>
<doc>Waits until the element ``locator`` is enabled.</doc>
<status status="PASS" starttime="20220625 21:30:15.697" endtime="20220625 21:30:16.647"/>
</kw>
<kw name="Click Element" library="SeleniumLibrary">
<arg>${confirm}</arg>
<doc>Click the element identified by ``locator``.</doc>
<msg timestamp="20220625 21:30:16.647" level="INFO">Clicking element 'xpath://body/div[@id='page']/div[2]/div[1]/div[3]/div[1]/form[1]/p[1]/button[1]'.</msg>
<status status="PASS" starttime="20220625 21:30:16.647" endtime="20220625 21:30:19.618"/>
</kw>
<status status="PASS" starttime="20220625 21:30:01.265" endtime="20220625 21:30:19.618"/>
</kw>
<kw name="Close All Browsers" library="SeleniumLibrary" type="TEARDOWN">
<doc>Closes all open browsers and resets the browser cache.</doc>
<status status="PASS" starttime="20220625 21:30:19.618" endtime="20220625 21:30:22.031"/>
</kw>
<status status="PASS" starttime="20220625 21:29:40.010" endtime="20220625 21:30:22.031"/>
</test>
<status status="PASS" starttime="20220625 21:29:39.979" endtime="20220625 21:30:22.031"/>
</suite>
<status status="FAIL" starttime="20220625 21:28:35.167" endtime="20220625 21:30:22.031"/>
</suite>
<statistics>
<total>
<stat pass="4" fail="1" skip="0">All Tests</stat>
</total>
<tag>
</tag>
<suite>
<stat pass="4" fail="1" skip="0" id="s1" name="Test cases">Test cases</stat>
<stat pass="0" fail="1" skip="0" id="s1-s1" name="01 NewUserRegistration">Test cases.01 NewUserRegistration</stat>
<stat pass="3" fail="0" skip="0" id="s1-s2" name="02 LoginInvalidUsername">Test cases.02 LoginInvalidUsername</stat>
<stat pass="1" fail="0" skip="0" id="s1-s3" name="03 AddItem&amp;Pay">Test cases.03 AddItem&amp;Pay</stat>
</suite>
</statistics>
<errors>
</errors>
</robot>
